   1               		.file	"util.c"
   2               	__SP_H__ = 0x3e
   3               	__SP_L__ = 0x3d
   4               	__SREG__ = 0x3f
   5               	__tmp_reg__ = 0
   6               	__zero_reg__ = 1
   7               		.text
   8               	.Ltext0:
   9               		.cfi_sections	.debug_frame
  10               		.section	.text.bitpop,"ax",@progbits
  11               	.global	bitpop
  13               	bitpop:
  14               	.LFB0:
  15               		.file 1 "../../tmk_core/common/util.c"
   1:../../tmk_core/common/util.c **** /*
   2:../../tmk_core/common/util.c **** Copyright 2011 Jun Wako <wakojun@gmail.com>
   3:../../tmk_core/common/util.c **** 
   4:../../tmk_core/common/util.c **** This program is free software: you can redistribute it and/or modify
   5:../../tmk_core/common/util.c **** it under the terms of the GNU General Public License as published by
   6:../../tmk_core/common/util.c **** the Free Software Foundation, either version 2 of the License, or
   7:../../tmk_core/common/util.c **** (at your option) any later version.
   8:../../tmk_core/common/util.c **** 
   9:../../tmk_core/common/util.c **** This program is distributed in the hope that it will be useful,
  10:../../tmk_core/common/util.c **** but WITHOUT ANY WARRANTY; without even the implied warranty of
  11:../../tmk_core/common/util.c **** MERCHANTABILITY or FITNESS FOR A PARTICULAR PURPOSE.  See the
  12:../../tmk_core/common/util.c **** GNU General Public License for more details.
  13:../../tmk_core/common/util.c **** 
  14:../../tmk_core/common/util.c **** You should have received a copy of the GNU General Public License
  15:../../tmk_core/common/util.c **** along with this program.  If not, see <http://www.gnu.org/licenses/>.
  16:../../tmk_core/common/util.c **** */
  17:../../tmk_core/common/util.c **** 
  18:../../tmk_core/common/util.c **** #include "util.h"
  19:../../tmk_core/common/util.c **** 
  20:../../tmk_core/common/util.c **** // bit population - return number of on-bit
  21:../../tmk_core/common/util.c **** uint8_t bitpop(uint8_t bits)
  22:../../tmk_core/common/util.c **** {
  16               		.loc 1 22 0
  17               		.cfi_startproc
  18               	.LVL0:
  19               	/* prologue: function */
  20               	/* frame size = 0 */
  21               	/* stack size = 0 */
  22               	.L__stack_usage = 0
  23:../../tmk_core/common/util.c ****     uint8_t c;
  24:../../tmk_core/common/util.c ****     for (c = 0; bits; c++)
  23               		.loc 1 24 0
  24 0000 90E0      		ldi r25,0
  25 0002 00C0      		rjmp .L2
  26               	.LVL1:
  27               	.L3:
  25:../../tmk_core/common/util.c ****         bits &= bits - 1;
  28               		.loc 1 25 0 discriminator 2
  29 0004 282F      		mov r18,r24
  30 0006 2150      		subi r18,lo8(-(-1))
  31 0008 8223      		and r24,r18
  32               	.LVL2:
  24:../../tmk_core/common/util.c ****     for (c = 0; bits; c++)
  33               		.loc 1 24 0 discriminator 2
  34 000a 9F5F      		subi r25,lo8(-(1))
  35               	.LVL3:
  36               	.L2:
  24:../../tmk_core/common/util.c ****     for (c = 0; bits; c++)
  37               		.loc 1 24 0 is_stmt 0 discriminator 1
  38 000c 8111      		cpse r24,__zero_reg__
  39 000e 00C0      		rjmp .L3
  26:../../tmk_core/common/util.c ****     return c;
  27:../../tmk_core/common/util.c **** /*
  28:../../tmk_core/common/util.c ****     const uint8_t bit_count[] = { 0, 1, 1, 2, 1, 2, 2, 3, 1, 2, 2, 3, 2, 3, 3, 4 };
  29:../../tmk_core/common/util.c ****     return bit_count[bits>>4] + bit_count[bits&0x0F]
  30:../../tmk_core/common/util.c **** */
  31:../../tmk_core/common/util.c **** }
  40               		.loc 1 31 0 is_stmt 1
  41 0010 892F      		mov r24,r25
  42               	.LVL4:
  43 0012 0895      		ret
  44               		.cfi_endproc
  45               	.LFE0:
  47               		.section	.text.bitpop16,"ax",@progbits
  48               	.global	bitpop16
  50               	bitpop16:
  51               	.LFB1:
  32:../../tmk_core/common/util.c **** 
  33:../../tmk_core/common/util.c **** uint8_t bitpop16(uint16_t bits)
  34:../../tmk_core/common/util.c **** {
  52               		.loc 1 34 0
  53               		.cfi_startproc
  54               	.LVL5:
  55               	/* prologue: function */
  56               	/* frame size = 0 */
  57               	/* stack size = 0 */
  58               	.L__stack_usage = 0
  35:../../tmk_core/common/util.c ****     uint8_t c;
  36:../../tmk_core/common/util.c ****     for (c = 0; bits; c++)
  59               		.loc 1 36 0
  60 0000 40E0      		ldi r20,0
  61 0002 00C0      		rjmp .L5
  62               	.LVL6:
  63               	.L6:
  37:../../tmk_core/common/util.c ****         bits &= bits - 1;
  64               		.loc 1 37 0 discriminator 2
  65 0004 9C01      		movw r18,r24
  66 0006 2150      		subi r18,1
  67 0008 3109      		sbc r19,__zero_reg__
  68 000a 8223      		and r24,r18
  69 000c 9323      		and r25,r19
  70               	.LVL7:
  36:../../tmk_core/common/util.c ****     for (c = 0; bits; c++)
  71               		.loc 1 36 0 discriminator 2
  72 000e 4F5F      		subi r20,lo8(-(1))
  73               	.LVL8:
  74               	.L5:
  36:../../tmk_core/common/util.c ****     for (c = 0; bits; c++)
  75               		.loc 1 36 0 is_stmt 0 discriminator 1
  76 0010 0097      		sbiw r24,0
  77 0012 01F4      		brne .L6
  38:../../tmk_core/common/util.c ****     return c;
  39:../../tmk_core/common/util.c **** }
  78               		.loc 1 39 0 is_stmt 1
  79 0014 842F      		mov r24,r20
  80               	.LVL9:
  81 0016 0895      		ret
  82               		.cfi_endproc
  83               	.LFE1:
  85               		.section	.text.bitpop32,"ax",@progbits
  86               	.global	bitpop32
  88               	bitpop32:
  89               	.LFB2:
  40:../../tmk_core/common/util.c **** 
  41:../../tmk_core/common/util.c **** uint8_t bitpop32(uint32_t bits)
  42:../../tmk_core/common/util.c **** {
  90               		.loc 1 42 0
  91               		.cfi_startproc
  92               	.LVL10:
  93 0000 0F93      		push r16
  94               	.LCFI0:
  95               		.cfi_def_cfa_offset 3
  96               		.cfi_offset 16, -2
  97 0002 1F93      		push r17
  98               	.LCFI1:
  99               		.cfi_def_cfa_offset 4
 100               		.cfi_offset 17, -3
 101               	/* prologue: function */
 102               	/* frame size = 0 */
 103               	/* stack size = 2 */
 104               	.L__stack_usage = 2
 105               	.LVL11:
  43:../../tmk_core/common/util.c ****     uint8_t c;
  44:../../tmk_core/common/util.c ****     for (c = 0; bits; c++)
 106               		.loc 1 44 0
 107 0004 40E0      		ldi r20,0
 108 0006 00C0      		rjmp .L8
 109               	.LVL12:
 110               	.L9:
  45:../../tmk_core/common/util.c ****         bits &= bits - 1;
 111               		.loc 1 45 0 discriminator 2
 112 0008 8B01      		movw r16,r22
 113 000a 9C01      		movw r18,r24
 114 000c 0150      		subi r16,1
 115 000e 1109      		sbc r17,__zero_reg__
 116 0010 2109      		sbc r18,__zero_reg__
 117 0012 3109      		sbc r19,__zero_reg__
 118 0014 6023      		and r22,r16
 119 0016 7123      		and r23,r17
 120 0018 8223      		and r24,r18
 121 001a 9323      		and r25,r19
 122               	.LVL13:
  44:../../tmk_core/common/util.c ****     for (c = 0; bits; c++)
 123               		.loc 1 44 0 discriminator 2
 124 001c 4F5F      		subi r20,lo8(-(1))
 125               	.LVL14:
 126               	.L8:
  44:../../tmk_core/common/util.c ****     for (c = 0; bits; c++)
 127               		.loc 1 44 0 is_stmt 0 discriminator 1
 128 001e 6115      		cp r22,__zero_reg__
 129 0020 7105      		cpc r23,__zero_reg__
 130 0022 8105      		cpc r24,__zero_reg__
 131 0024 9105      		cpc r25,__zero_reg__
 132 0026 01F4      		brne .L9
  46:../../tmk_core/common/util.c ****     return c;
  47:../../tmk_core/common/util.c **** }
 133               		.loc 1 47 0 is_stmt 1
 134 0028 842F      		mov r24,r20
 135               	/* epilogue start */
 136 002a 1F91      		pop r17
 137 002c 0F91      		pop r16
 138 002e 0895      		ret
 139               		.cfi_endproc
 140               	.LFE2:
 142               		.section	.text.biton,"ax",@progbits
 143               	.global	biton
 145               	biton:
 146               	.LFB3:
  48:../../tmk_core/common/util.c **** 
  49:../../tmk_core/common/util.c **** // most significant on-bit - return highest location of on-bit
  50:../../tmk_core/common/util.c **** // NOTE: return 0 when bit0 is on or all bits are off
  51:../../tmk_core/common/util.c **** uint8_t biton(uint8_t bits)
  52:../../tmk_core/common/util.c **** {
 147               		.loc 1 52 0
 148               		.cfi_startproc
 149               	.LVL15:
 150               	/* prologue: function */
 151               	/* frame size = 0 */
 152               	/* stack size = 0 */
 153               	.L__stack_usage = 0
  53:../../tmk_core/common/util.c ****     uint8_t n = 0;
  54:../../tmk_core/common/util.c ****     if (bits >> 4) { bits >>= 4; n += 4;}
 154               		.loc 1 54 0
 155 0000 982F      		mov r25,r24
 156 0002 9295      		swap r25
 157 0004 9F70      		andi r25,lo8(15)
 158 0006 01F4      		brne .L14
 159 0008 982F      		mov r25,r24
  53:../../tmk_core/common/util.c ****     uint8_t n = 0;
 160               		.loc 1 53 0
 161 000a 80E0      		ldi r24,0
 162               	.LVL16:
 163 000c 00C0      		rjmp .L11
 164               	.LVL17:
 165               	.L14:
 166               		.loc 1 54 0
 167 000e 84E0      		ldi r24,lo8(4)
 168               	.LVL18:
 169               	.L11:
  55:../../tmk_core/common/util.c ****     if (bits >> 2) { bits >>= 2; n += 2;}
 170               		.loc 1 55 0
 171 0010 292F      		mov r18,r25
 172 0012 2695      		lsr r18
 173 0014 2695      		lsr r18
 174 0016 01F0      		breq .L12
 175               	.LVL19:
 176               		.loc 1 55 0 is_stmt 0 discriminator 1
 177 0018 8E5F      		subi r24,lo8(-(2))
 178               	.LVL20:
 179 001a 922F      		mov r25,r18
 180               	.LVL21:
 181               	.L12:
  56:../../tmk_core/common/util.c ****     if (bits >> 1) { bits >>= 1; n += 1;}
 182               		.loc 1 56 0 is_stmt 1
 183 001c 9695      		lsr r25
 184               	.LVL22:
 185 001e 01F0      		breq .L13
 186               		.loc 1 56 0 is_stmt 0 discriminator 1
 187 0020 8F5F      		subi r24,lo8(-(1))
 188               	.LVL23:
 189               	.L13:
  57:../../tmk_core/common/util.c ****     return n;
  58:../../tmk_core/common/util.c **** }
 190               		.loc 1 58 0 is_stmt 1
 191 0022 0895      		ret
 192               		.cfi_endproc
 193               	.LFE3:
 195               		.section	.text.biton16,"ax",@progbits
 196               	.global	biton16
 198               	biton16:
 199               	.LFB4:
  59:../../tmk_core/common/util.c **** 
  60:../../tmk_core/common/util.c **** uint8_t biton16(uint16_t bits)
  61:../../tmk_core/common/util.c **** {
 200               		.loc 1 61 0
 201               		.cfi_startproc
 202               	.LVL24:
 203               	/* prologue: function */
 204               	/* frame size = 0 */
 205               	/* stack size = 0 */
 206               	.L__stack_usage = 0
  62:../../tmk_core/common/util.c ****     uint8_t n = 0;
  63:../../tmk_core/common/util.c ****     if (bits >> 8) { bits >>= 8; n += 8;}
 207               		.loc 1 63 0
 208 0000 292F      		mov r18,r25
 209 0002 30E0      		ldi r19,0
 210 0004 2115      		cp r18,__zero_reg__
 211 0006 3105      		cpc r19,__zero_reg__
 212 0008 01F4      		brne .L26
 213 000a 9C01      		movw r18,r24
  62:../../tmk_core/common/util.c ****     uint8_t n = 0;
 214               		.loc 1 62 0
 215 000c 80E0      		ldi r24,0
 216               	.LVL25:
 217 000e 00C0      		rjmp .L22
 218               	.LVL26:
 219               	.L26:
 220               		.loc 1 63 0
 221 0010 88E0      		ldi r24,lo8(8)
 222               	.LVL27:
 223               	.L22:
  64:../../tmk_core/common/util.c ****     if (bits >> 4) { bits >>= 4; n += 4;}
 224               		.loc 1 64 0
 225 0012 A901      		movw r20,r18
 226 0014 74E0      		ldi r23,4
 227               		1:
 228 0016 5695      		lsr r21
 229 0018 4795      		ror r20
 230 001a 7A95      		dec r23
 231 001c 01F4      		brne 1b
 232 001e 4115      		cp r20,__zero_reg__
 233 0020 5105      		cpc r21,__zero_reg__
 234 0022 01F0      		breq .L23
 235               	.LVL28:
 236               		.loc 1 64 0 is_stmt 0 discriminator 1
 237 0024 8C5F      		subi r24,lo8(-(4))
 238               	.LVL29:
 239 0026 9A01      		movw r18,r20
 240               	.LVL30:
 241               	.L23:
  65:../../tmk_core/common/util.c ****     if (bits >> 2) { bits >>= 2; n += 2;}
 242               		.loc 1 65 0 is_stmt 1
 243 0028 A901      		movw r20,r18
 244 002a 5695      		lsr r21
 245 002c 4795      		ror r20
 246 002e 5695      		lsr r21
 247 0030 4795      		ror r20
 248 0032 4115      		cp r20,__zero_reg__
 249 0034 5105      		cpc r21,__zero_reg__
 250 0036 01F0      		breq .L24
 251               	.LVL31:
 252               		.loc 1 65 0 is_stmt 0 discriminator 1
 253 0038 8E5F      		subi r24,lo8(-(2))
 254               	.LVL32:
 255 003a 9A01      		movw r18,r20
 256               	.LVL33:
 257               	.L24:
  66:../../tmk_core/common/util.c ****     if (bits >> 1) { bits >>= 1; n += 1;}
 258               		.loc 1 66 0 is_stmt 1
 259 003c 3695      		lsr r19
 260 003e 2795      		ror r18
 261               	.LVL34:
 262 0040 232B      		or r18,r19
 263 0042 01F0      		breq .L25
 264               		.loc 1 66 0 is_stmt 0 discriminator 1
 265 0044 8F5F      		subi r24,lo8(-(1))
 266               	.LVL35:
 267               	.L25:
  67:../../tmk_core/common/util.c ****     return n;
  68:../../tmk_core/common/util.c **** }
 268               		.loc 1 68 0 is_stmt 1
 269 0046 0895      		ret
 270               		.cfi_endproc
 271               	.LFE4:
 273               		.section	.text.biton32,"ax",@progbits
 274               	.global	biton32
 276               	biton32:
 277               	.LFB5:
  69:../../tmk_core/common/util.c **** 
  70:../../tmk_core/common/util.c **** uint8_t biton32(uint32_t bits)
  71:../../tmk_core/common/util.c **** {
 278               		.loc 1 71 0
 279               		.cfi_startproc
 280               	.LVL36:
 281 0000 CF92      		push r12
 282               	.LCFI2:
 283               		.cfi_def_cfa_offset 3
 284               		.cfi_offset 12, -2
 285 0002 DF92      		push r13
 286               	.LCFI3:
 287               		.cfi_def_cfa_offset 4
 288               		.cfi_offset 13, -3
 289 0004 EF92      		push r14
 290               	.LCFI4:
 291               		.cfi_def_cfa_offset 5
 292               		.cfi_offset 14, -4
 293 0006 FF92      		push r15
 294               	.LCFI5:
 295               		.cfi_def_cfa_offset 6
 296               		.cfi_offset 15, -5
 297 0008 0F93      		push r16
 298               	.LCFI6:
 299               		.cfi_def_cfa_offset 7
 300               		.cfi_offset 16, -6
 301 000a 1F93      		push r17
 302               	.LCFI7:
 303               		.cfi_def_cfa_offset 8
 304               		.cfi_offset 17, -7
 305               	/* prologue: function */
 306               	/* frame size = 0 */
 307               	/* stack size = 6 */
 308               	.L__stack_usage = 6
 309               	.LVL37:
  72:../../tmk_core/common/util.c ****     uint8_t n = 0;
  73:../../tmk_core/common/util.c ****     if (bits >>16) { bits >>=16; n +=16;}
 310               		.loc 1 73 0
 311 000c 6C01      		movw r12,r24
 312 000e EE24      		clr r14
 313 0010 FF24      		clr r15
 314 0012 C114      		cp r12,__zero_reg__
 315 0014 D104      		cpc r13,__zero_reg__
 316 0016 E104      		cpc r14,__zero_reg__
 317 0018 F104      		cpc r15,__zero_reg__
 318 001a 01F4      		brne .L42
 319 001c 6B01      		movw r12,r22
 320 001e 7C01      		movw r14,r24
  72:../../tmk_core/common/util.c ****     uint8_t n = 0;
 321               		.loc 1 72 0
 322 0020 80E0      		ldi r24,0
 323 0022 00C0      		rjmp .L37
 324               	.L42:
 325               		.loc 1 73 0
 326 0024 80E1      		ldi r24,lo8(16)
 327               	.L37:
 328               	.LVL38:
  74:../../tmk_core/common/util.c ****     if (bits >> 8) { bits >>= 8; n += 8;}
 329               		.loc 1 74 0
 330 0026 3327      		clr r19
 331 0028 2F2D      		mov r18,r15
 332 002a 1E2D      		mov r17,r14
 333 002c 0D2D      		mov r16,r13
 334 002e 0115      		cp r16,__zero_reg__
 335 0030 1105      		cpc r17,__zero_reg__
 336 0032 2105      		cpc r18,__zero_reg__
 337 0034 3105      		cpc r19,__zero_reg__
 338 0036 01F0      		breq .L38
 339               	.LVL39:
 340               		.loc 1 74 0 is_stmt 0 discriminator 1
 341 0038 885F      		subi r24,lo8(-(8))
 342               	.LVL40:
 343 003a 6801      		movw r12,r16
 344 003c 7901      		movw r14,r18
 345               	.LVL41:
 346               	.L38:
  75:../../tmk_core/common/util.c ****     if (bits >> 4) { bits >>= 4; n += 4;}
 347               		.loc 1 75 0 is_stmt 1
 348 003e 9701      		movw r18,r14
 349 0040 8601      		movw r16,r12
 350 0042 A4E0      		ldi r26,4
 351               		1:
 352 0044 3695      		lsr r19
 353 0046 2795      		ror r18
 354 0048 1795      		ror r17
 355 004a 0795      		ror r16
 356 004c AA95      		dec r26
 357 004e 01F4      		brne 1b
 358 0050 0115      		cp r16,__zero_reg__
 359 0052 1105      		cpc r17,__zero_reg__
 360 0054 2105      		cpc r18,__zero_reg__
 361 0056 3105      		cpc r19,__zero_reg__
 362 0058 01F0      		breq .L39
 363               	.LVL42:
 364               		.loc 1 75 0 is_stmt 0 discriminator 1
 365 005a 8C5F      		subi r24,lo8(-(4))
 366               	.LVL43:
 367 005c 6801      		movw r12,r16
 368 005e 7901      		movw r14,r18
 369               	.LVL44:
 370               	.L39:
  76:../../tmk_core/common/util.c ****     if (bits >> 2) { bits >>= 2; n += 2;}
 371               		.loc 1 76 0 is_stmt 1
 372 0060 9701      		movw r18,r14
 373 0062 8601      		movw r16,r12
 374 0064 F2E0      		ldi r31,2
 375               		1:
 376 0066 3695      		lsr r19
 377 0068 2795      		ror r18
 378 006a 1795      		ror r17
 379 006c 0795      		ror r16
 380 006e FA95      		dec r31
 381 0070 01F4      		brne 1b
 382 0072 0115      		cp r16,__zero_reg__
 383 0074 1105      		cpc r17,__zero_reg__
 384 0076 2105      		cpc r18,__zero_reg__
 385 0078 3105      		cpc r19,__zero_reg__
 386 007a 01F0      		breq .L40
 387               	.LVL45:
 388               		.loc 1 76 0 is_stmt 0 discriminator 1
 389 007c 8E5F      		subi r24,lo8(-(2))
 390               	.LVL46:
 391 007e 6801      		movw r12,r16
 392 0080 7901      		movw r14,r18
 393               	.LVL47:
 394               	.L40:
  77:../../tmk_core/common/util.c ****     if (bits >> 1) { bits >>= 1; n += 1;}
 395               		.loc 1 77 0 is_stmt 1
 396 0082 B701      		movw r22,r14
 397 0084 A601      		movw r20,r12
 398 0086 7695      		lsr r23
 399 0088 6795      		ror r22
 400 008a 5795      		ror r21
 401 008c 4795      		ror r20
 402 008e 452B      		or r20,r21
 403 0090 462B      		or r20,r22
 404 0092 472B      		or r20,r23
 405 0094 01F0      		breq .L41
 406               	.LVL48:
 407               		.loc 1 77 0 is_stmt 0 discriminator 1
 408 0096 8F5F      		subi r24,lo8(-(1))
 409               	.LVL49:
 410               	.L41:
 411               	/* epilogue start */
  78:../../tmk_core/common/util.c ****     return n;
  79:../../tmk_core/common/util.c **** }
 412               		.loc 1 79 0 is_stmt 1
 413 0098 1F91      		pop r17
 414 009a 0F91      		pop r16
 415 009c FF90      		pop r15
 416 009e EF90      		pop r14
 417 00a0 DF90      		pop r13
 418 00a2 CF90      		pop r12
 419 00a4 0895      		ret
 420               		.cfi_endproc
 421               	.LFE5:
 423               		.section	.text.bitrev,"ax",@progbits
 424               	.global	bitrev
 426               	bitrev:
 427               	.LFB6:
  80:../../tmk_core/common/util.c **** 
  81:../../tmk_core/common/util.c **** 
  82:../../tmk_core/common/util.c **** 
  83:../../tmk_core/common/util.c **** uint8_t bitrev(uint8_t bits)
  84:../../tmk_core/common/util.c **** {
 428               		.loc 1 84 0
 429               		.cfi_startproc
 430               	.LVL50:
 431               	/* prologue: function */
 432               	/* frame size = 0 */
 433               	/* stack size = 0 */
 434               	.L__stack_usage = 0
  85:../../tmk_core/common/util.c ****     bits = (bits & 0x0f)<<4 | (bits & 0xf0)>>4;
 435               		.loc 1 85 0
 436 0000 8295      		swap r24
 437               	.LVL51:
  86:../../tmk_core/common/util.c ****     bits = (bits & 0b00110011)<<2 | (bits & 0b11001100)>>2;
 438               		.loc 1 86 0
 439 0002 982F      		mov r25,r24
 440 0004 9C7C      		andi r25,lo8(-52)
 441 0006 9695      		lsr r25
 442 0008 9695      		lsr r25
 443 000a 8373      		andi r24,lo8(51)
 444               	.LVL52:
 445 000c 44E0      		ldi r20,lo8(4)
 446 000e 849F      		mul r24,r20
 447 0010 9001      		movw r18,r0
 448 0012 1124      		clr __zero_reg__
 449 0014 922B      		or r25,r18
 450               	.LVL53:
  87:../../tmk_core/common/util.c ****     bits = (bits & 0b01010101)<<1 | (bits & 0b10101010)>>1;
 451               		.loc 1 87 0
 452 0016 892F      		mov r24,r25
 453 0018 8A7A      		andi r24,lo8(-86)
 454 001a 8695      		lsr r24
 455 001c 9575      		andi r25,lo8(85)
 456               	.LVL54:
 457 001e 990F      		lsl r25
 458               	.LVL55:
  88:../../tmk_core/common/util.c ****     return bits;
  89:../../tmk_core/common/util.c **** }
 459               		.loc 1 89 0
 460 0020 892B      		or r24,r25
 461               	.LVL56:
 462 0022 0895      		ret
 463               		.cfi_endproc
 464               	.LFE6:
 466               		.section	.text.bitrev16,"ax",@progbits
 467               	.global	bitrev16
 469               	bitrev16:
 470               	.LFB7:
  90:../../tmk_core/common/util.c **** 
  91:../../tmk_core/common/util.c **** uint16_t bitrev16(uint16_t bits)
  92:../../tmk_core/common/util.c **** {
 471               		.loc 1 92 0
 472               		.cfi_startproc
 473               	.LVL57:
 474 0000 1F93      		push r17
 475               	.LCFI8:
 476               		.cfi_def_cfa_offset 3
 477               		.cfi_offset 17, -2
 478 0002 CF93      		push r28
 479               	.LCFI9:
 480               		.cfi_def_cfa_offset 4
 481               		.cfi_offset 28, -3
 482 0004 DF93      		push r29
 483               	.LCFI10:
 484               		.cfi_def_cfa_offset 5
 485               		.cfi_offset 29, -4
 486 0006 1F92      		push __zero_reg__
 487               	.LCFI11:
 488               		.cfi_def_cfa_offset 6
 489 0008 CDB7      		in r28,__SP_L__
 490 000a DEB7      		in r29,__SP_H__
 491               	.LCFI12:
 492               		.cfi_def_cfa_register 28
 493               	/* prologue: function */
 494               	/* frame size = 1 */
 495               	/* stack size = 4 */
 496               	.L__stack_usage = 4
  93:../../tmk_core/common/util.c ****     bits = bitrev(bits & 0x00ff)<<8 | bitrev((bits & 0xff00)>>8);
 497               		.loc 1 93 0
 498 000c 9983      		std Y+1,r25
 499 000e 0E94 0000 		call bitrev
 500               	.LVL58:
 501 0012 182F      		mov r17,r24
 502 0014 9981      		ldd r25,Y+1
 503 0016 892F      		mov r24,r25
 504 0018 0E94 0000 		call bitrev
 505               	.LVL59:
 506 001c 312F      		mov r19,r17
 507 001e 20E0      		ldi r18,0
 508 0020 282B      		or r18,r24
  94:../../tmk_core/common/util.c ****     return bits;
  95:../../tmk_core/common/util.c **** }
 509               		.loc 1 95 0
 510 0022 C901      		movw r24,r18
 511               	.LVL60:
 512               	/* epilogue start */
 513 0024 0F90      		pop __tmp_reg__
 514 0026 DF91      		pop r29
 515 0028 CF91      		pop r28
 516 002a 1F91      		pop r17
 517 002c 0895      		ret
 518               		.cfi_endproc
 519               	.LFE7:
 521               		.section	.text.bitrev32,"ax",@progbits
 522               	.global	bitrev32
 524               	bitrev32:
 525               	.LFB8:
  96:../../tmk_core/common/util.c **** 
  97:../../tmk_core/common/util.c **** uint32_t bitrev32(uint32_t bits)
  98:../../tmk_core/common/util.c **** {
 526               		.loc 1 98 0
 527               		.cfi_startproc
 528               	.LVL61:
 529 0000 CF92      		push r12
 530               	.LCFI13:
 531               		.cfi_def_cfa_offset 3
 532               		.cfi_offset 12, -2
 533 0002 DF92      		push r13
 534               	.LCFI14:
 535               		.cfi_def_cfa_offset 4
 536               		.cfi_offset 13, -3
 537 0004 EF92      		push r14
 538               	.LCFI15:
 539               		.cfi_def_cfa_offset 5
 540               		.cfi_offset 14, -4
 541 0006 FF92      		push r15
 542               	.LCFI16:
 543               		.cfi_def_cfa_offset 6
 544               		.cfi_offset 15, -5
 545 0008 0F93      		push r16
 546               	.LCFI17:
 547               		.cfi_def_cfa_offset 7
 548               		.cfi_offset 16, -6
 549 000a 1F93      		push r17
 550               	.LCFI18:
 551               		.cfi_def_cfa_offset 8
 552               		.cfi_offset 17, -7
 553               	/* prologue: function */
 554               	/* frame size = 0 */
 555               	/* stack size = 6 */
 556               	.L__stack_usage = 6
 557 000c 6B01      		movw r12,r22
 558 000e 7C01      		movw r14,r24
  99:../../tmk_core/common/util.c ****     bits = (uint32_t)bitrev16(bits & 0x0000ffff)<<16 | bitrev16((bits & 0xffff0000)>>16);
 559               		.loc 1 99 0
 560 0010 CB01      		movw r24,r22
 561 0012 0E94 0000 		call bitrev16
 562               	.LVL62:
 563 0016 8C01      		movw r16,r24
 564 0018 C701      		movw r24,r14
 565 001a 0E94 0000 		call bitrev16
 566               	.LVL63:
 567 001e 20E0      		ldi r18,0
 568 0020 30E0      		ldi r19,0
 569 0022 9801      		movw r18,r16
 570 0024 1127      		clr r17
 571 0026 0027      		clr r16
 572               	.LVL64:
 573 0028 A0E0      		ldi r26,0
 574 002a B0E0      		ldi r27,0
 575 002c 082B      		or r16,r24
 576 002e 192B      		or r17,r25
 577 0030 2A2B      		or r18,r26
 578 0032 3B2B      		or r19,r27
 100:../../tmk_core/common/util.c ****     return bits;
 101:../../tmk_core/common/util.c **** }
 579               		.loc 1 101 0
 580 0034 B801      		movw r22,r16
 581 0036 C901      		movw r24,r18
 582               	/* epilogue start */
 583 0038 1F91      		pop r17
 584 003a 0F91      		pop r16
 585 003c FF90      		pop r15
 586 003e EF90      		pop r14
 587 0040 DF90      		pop r13
 588 0042 CF90      		pop r12
 589 0044 0895      		ret
 590               		.cfi_endproc
 591               	.LFE8:
 593               		.text
 594               	.Letext0:
 595               		.file 2 "d:\\applications\\keyboard\\avr-gcc-4.7.2-mingw32\\bin\\../lib/gcc/avr/4.7.2/../../../../
DEFINED SYMBOLS
                            *ABS*:00000000 util.c
C:\Users\tiny\AppData\Local\Temp\ccESUQDV.s:2      *ABS*:0000003e __SP_H__
C:\Users\tiny\AppData\Local\Temp\ccESUQDV.s:3      *ABS*:0000003d __SP_L__
C:\Users\tiny\AppData\Local\Temp\ccESUQDV.s:4      *ABS*:0000003f __SREG__
C:\Users\tiny\AppData\Local\Temp\ccESUQDV.s:5      *ABS*:00000000 __tmp_reg__
C:\Users\tiny\AppData\Local\Temp\ccESUQDV.s:6      *ABS*:00000001 __zero_reg__
C:\Users\tiny\AppData\Local\Temp\ccESUQDV.s:13     .text.bitpop:00000000 bitpop
C:\Users\tiny\AppData\Local\Temp\ccESUQDV.s:50     .text.bitpop16:00000000 bitpop16
C:\Users\tiny\AppData\Local\Temp\ccESUQDV.s:88     .text.bitpop32:00000000 bitpop32
C:\Users\tiny\AppData\Local\Temp\ccESUQDV.s:145    .text.biton:00000000 biton
C:\Users\tiny\AppData\Local\Temp\ccESUQDV.s:198    .text.biton16:00000000 biton16
C:\Users\tiny\AppData\Local\Temp\ccESUQDV.s:276    .text.biton32:00000000 biton32
C:\Users\tiny\AppData\Local\Temp\ccESUQDV.s:426    .text.bitrev:00000000 bitrev
C:\Users\tiny\AppData\Local\Temp\ccESUQDV.s:469    .text.bitrev16:00000000 bitrev16
C:\Users\tiny\AppData\Local\Temp\ccESUQDV.s:524    .text.bitrev32:00000000 bitrev32

NO UNDEFINED SYMBOLS
